                              1 ;--------------------------------------------------------
                              2 ; File Created by SDCC : free open source ANSI-C Compiler
                              3 ; Version 3.9.3 #11378 (MINGW32)
                              4 ;--------------------------------------------------------
                              5 	.module e4vm_utils
                              6 	.optsdcc -mz80
                              7 	
                              8 ;--------------------------------------------------------
                              9 ; Public variables in this module
                             10 ;--------------------------------------------------------
                             11 	.globl _e4vm_utils__init
                             12 	.globl _e4vm_type__init
                             13 	.globl _Console_WriteStr_C_COMPACT
                             14 	.globl _Console_WriteInt_COMPACT
                             15 	.globl _Console_WriteLn_COMPACT
                             16 	.globl _Console_ReadStr_COMPACT
                             17 	.globl _SYSTEM_STRCMPCC
                             18 	.globl _memcpy
                             19 	.globl _e4vm_utils_add_core_word
                             20 	.globl _e4vm_utils_look_up_word_address
                             21 	.globl _e4vm_utils_look_up_word_idx_by_address
                             22 	.globl _e4vm_utils_is_digit
                             23 	.globl _e4vm_utils_is_constant
                             24 	.globl _e4vm_utils_str2int
                             25 	.globl _e4vm_utils_here_to_wp
                             26 	.globl _e4vm_utils_add_op
                             27 	.globl _e4vm_utils_add_op_from_string
                             28 	.globl _e4vm_utils_init
                             29 	.globl _e4vm_utils_vm_stat
                             30 	.globl _e4vm_utils_true_const
                             31 	.globl _e4vm_utils_false_const
                             32 	.globl _e4vm_utils_error
                             33 	.globl _e4vm_utils_stack_ds_push
                             34 	.globl _e4vm_utils_stack_rs_push
                             35 	.globl _e4vm_utils_read_char
                             36 	.globl _e4vm_utils_read_string
                             37 ;--------------------------------------------------------
                             38 ; special function registers
                             39 ;--------------------------------------------------------
                             40 ;--------------------------------------------------------
                             41 ; ram data
                             42 ;--------------------------------------------------------
                             43 	.area _DATA
                             44 ;--------------------------------------------------------
                             45 ; ram data
                             46 ;--------------------------------------------------------
                             47 	.area _INITIALIZED
                             48 ;--------------------------------------------------------
                             49 ; absolute external ram data
                             50 ;--------------------------------------------------------
                             51 	.area _DABS (ABS)
                             52 ;--------------------------------------------------------
                             53 ; global & static initialisations
                             54 ;--------------------------------------------------------
                             55 	.area _HOME
                             56 	.area _GSINIT
                             57 	.area _GSFINAL
                             58 	.area _GSINIT
                             59 ;--------------------------------------------------------
                             60 ; Home
                             61 ;--------------------------------------------------------
                             62 	.area _HOME
                             63 	.area _HOME
                             64 ;--------------------------------------------------------
                             65 ; code
                             66 ;--------------------------------------------------------
                             67 	.area _CODE
                             68 ;e4vm_utils.c:34: void e4vm_utils_add_core_word (e4vm_type_x4thPtr *v, e4vm_type_word_string_type word, e4vm_type_ProcedureType proc, BOOLEAN immediate)
                             69 ;	---------------------------------
                             70 ; Function e4vm_utils_add_core_word
                             71 ; ---------------------------------
   0000                      72 _e4vm_utils_add_core_word::
   0000 CDr00r00      [17]   73 	call	___sdcc_enter_ix
   0003 F5            [11]   74 	push	af
                             75 ;e4vm_utils.c:36: __MOVE(word, (*v)->words[(*v)->words_count].word, 10);
   0004 DD 4E 06      [19]   76 	ld	c, 6 (ix)
   0007 DD 46 07      [19]   77 	ld	b, 7 (ix)
   000A DD 7E 04      [19]   78 	ld	a, 4 (ix)
   000D DD 77 FE      [19]   79 	ld	-2 (ix), a
   0010 DD 7E 05      [19]   80 	ld	a, 5 (ix)
   0013 DD 77 FF      [19]   81 	ld	-1 (ix), a
   0016 E1            [10]   82 	pop	hl
   0017 E5            [11]   83 	push	hl
   0018 7E            [ 7]   84 	ld	a, (hl)
   0019 23            [ 6]   85 	inc	hl
   001A 66            [ 7]   86 	ld	h, (hl)
   001B 6F            [ 4]   87 	ld	l, a
   001C C6 CD         [ 7]   88 	add	a, #0xcd
   001E 5F            [ 4]   89 	ld	e, a
   001F 7C            [ 4]   90 	ld	a, h
   0020 CE 00         [ 7]   91 	adc	a, #0x00
   0022 57            [ 4]   92 	ld	d, a
   0023 C5            [11]   93 	push	bc
   0024 01 CD 02      [10]   94 	ld	bc, #0x02cd
   0027 09            [11]   95 	add	hl, bc
   0028 C1            [10]   96 	pop	bc
   0029 7E            [ 7]   97 	ld	a, (hl)
   002A 23            [ 6]   98 	inc	hl
   002B 66            [ 7]   99 	ld	h, (hl)
   002C 6F            [ 4]  100 	ld	l, a
   002D 29            [11]  101 	add	hl, hl
   002E 29            [11]  102 	add	hl, hl
   002F 29            [11]  103 	add	hl, hl
   0030 29            [11]  104 	add	hl, hl
   0031 19            [11]  105 	add	hl, de
   0032 11 0A 00      [10]  106 	ld	de, #0x000a
   0035 D5            [11]  107 	push	de
   0036 C5            [11]  108 	push	bc
   0037 E5            [11]  109 	push	hl
   0038 CDr00r00      [17]  110 	call	_memcpy
   003B F1            [10]  111 	pop	af
   003C F1            [10]  112 	pop	af
   003D F1            [10]  113 	pop	af
                            114 ;e4vm_utils.c:37: (*v)->words[(*v)->words_count].addr = (*v)->words_count;
   003E E1            [10]  115 	pop	hl
   003F E5            [11]  116 	push	hl
   0040 4E            [ 7]  117 	ld	c, (hl)
   0041 23            [ 6]  118 	inc	hl
   0042 46            [ 7]  119 	ld	b, (hl)
   0043 21 CD 00      [10]  120 	ld	hl, #0x00cd
   0046 09            [11]  121 	add	hl, bc
   0047 EB            [ 4]  122 	ex	de, hl
   0048 69            [ 4]  123 	ld	l, c
   0049 60            [ 4]  124 	ld	h, b
   004A 01 CD 02      [10]  125 	ld	bc, #0x02cd
   004D 09            [11]  126 	add	hl, bc
   004E 4E            [ 7]  127 	ld	c, (hl)
   004F 23            [ 6]  128 	inc	hl
   0050 46            [ 7]  129 	ld	b, (hl)
   0051 69            [ 4]  130 	ld	l, c
   0052 60            [ 4]  131 	ld	h, b
   0053 29            [11]  132 	add	hl, hl
   0054 29            [11]  133 	add	hl, hl
   0055 29            [11]  134 	add	hl, hl
   0056 29            [11]  135 	add	hl, hl
   0057 19            [11]  136 	add	hl, de
   0058 11 0A 00      [10]  137 	ld	de, #0x000a
   005B 19            [11]  138 	add	hl, de
   005C 71            [ 7]  139 	ld	(hl), c
   005D 23            [ 6]  140 	inc	hl
   005E 70            [ 7]  141 	ld	(hl), b
                            142 ;e4vm_utils.c:38: (*v)->words[(*v)->words_count].proc = proc;
   005F E1            [10]  143 	pop	hl
   0060 E5            [11]  144 	push	hl
   0061 4E            [ 7]  145 	ld	c, (hl)
   0062 23            [ 6]  146 	inc	hl
   0063 46            [ 7]  147 	ld	b, (hl)
   0064 21 CD 00      [10]  148 	ld	hl, #0x00cd
   0067 09            [11]  149 	add	hl, bc
   0068 EB            [ 4]  150 	ex	de, hl
   0069 69            [ 4]  151 	ld	l, c
   006A 60            [ 4]  152 	ld	h, b
   006B 01 CD 02      [10]  153 	ld	bc, #0x02cd
   006E 09            [11]  154 	add	hl, bc
   006F 7E            [ 7]  155 	ld	a, (hl)
   0070 23            [ 6]  156 	inc	hl
   0071 66            [ 7]  157 	ld	h, (hl)
   0072 6F            [ 4]  158 	ld	l, a
   0073 29            [11]  159 	add	hl, hl
   0074 29            [11]  160 	add	hl, hl
   0075 29            [11]  161 	add	hl, hl
   0076 29            [11]  162 	add	hl, hl
   0077 19            [11]  163 	add	hl, de
   0078 01 0C 00      [10]  164 	ld	bc, #0x000c
   007B 09            [11]  165 	add	hl, bc
   007C DD 7E 08      [19]  166 	ld	a, 8 (ix)
   007F 77            [ 7]  167 	ld	(hl), a
   0080 23            [ 6]  168 	inc	hl
   0081 DD 7E 09      [19]  169 	ld	a, 9 (ix)
   0084 77            [ 7]  170 	ld	(hl), a
                            171 ;e4vm_utils.c:39: (*v)->words[(*v)->words_count].immediate = immediate;
   0085 E1            [10]  172 	pop	hl
   0086 E5            [11]  173 	push	hl
   0087 4E            [ 7]  174 	ld	c, (hl)
   0088 23            [ 6]  175 	inc	hl
   0089 46            [ 7]  176 	ld	b, (hl)
   008A 21 CD 00      [10]  177 	ld	hl, #0x00cd
   008D 09            [11]  178 	add	hl, bc
   008E EB            [ 4]  179 	ex	de, hl
   008F 69            [ 4]  180 	ld	l, c
   0090 60            [ 4]  181 	ld	h, b
   0091 01 CD 02      [10]  182 	ld	bc, #0x02cd
   0094 09            [11]  183 	add	hl, bc
   0095 7E            [ 7]  184 	ld	a, (hl)
   0096 23            [ 6]  185 	inc	hl
   0097 66            [ 7]  186 	ld	h, (hl)
   0098 6F            [ 4]  187 	ld	l, a
   0099 29            [11]  188 	add	hl, hl
   009A 29            [11]  189 	add	hl, hl
   009B 29            [11]  190 	add	hl, hl
   009C 29            [11]  191 	add	hl, hl
   009D 19            [11]  192 	add	hl, de
   009E 01 0E 00      [10]  193 	ld	bc, #0x000e
   00A1 09            [11]  194 	add	hl, bc
   00A2 DD 7E 0A      [19]  195 	ld	a, 10 (ix)
   00A5 77            [ 7]  196 	ld	(hl), a
                            197 ;e4vm_utils.c:40: (*v)->words[(*v)->words_count].enabled = 1;
   00A6 E1            [10]  198 	pop	hl
   00A7 E5            [11]  199 	push	hl
   00A8 4E            [ 7]  200 	ld	c, (hl)
   00A9 23            [ 6]  201 	inc	hl
   00AA 46            [ 7]  202 	ld	b, (hl)
   00AB 21 CD 00      [10]  203 	ld	hl, #0x00cd
   00AE 09            [11]  204 	add	hl, bc
   00AF EB            [ 4]  205 	ex	de, hl
   00B0 69            [ 4]  206 	ld	l, c
   00B1 60            [ 4]  207 	ld	h, b
   00B2 01 CD 02      [10]  208 	ld	bc, #0x02cd
   00B5 09            [11]  209 	add	hl, bc
   00B6 7E            [ 7]  210 	ld	a, (hl)
   00B7 23            [ 6]  211 	inc	hl
   00B8 66            [ 7]  212 	ld	h, (hl)
   00B9 6F            [ 4]  213 	ld	l, a
   00BA 29            [11]  214 	add	hl, hl
   00BB 29            [11]  215 	add	hl, hl
   00BC 29            [11]  216 	add	hl, hl
   00BD 29            [11]  217 	add	hl, hl
   00BE 19            [11]  218 	add	hl, de
   00BF 01 0F 00      [10]  219 	ld	bc, #0x000f
   00C2 09            [11]  220 	add	hl, bc
   00C3 36 01         [10]  221 	ld	(hl), #0x01
                            222 ;e4vm_utils.c:41: (*v)->mem[(*v)->words_count] = (*v)->words_count;
   00C5 E1            [10]  223 	pop	hl
   00C6 E5            [11]  224 	push	hl
   00C7 4E            [ 7]  225 	ld	c, (hl)
   00C8 23            [ 6]  226 	inc	hl
   00C9 46            [ 7]  227 	ld	b, (hl)
   00CA 21 8A 00      [10]  228 	ld	hl, #0x008a
   00CD 09            [11]  229 	add	hl, bc
   00CE EB            [ 4]  230 	ex	de, hl
   00CF 69            [ 4]  231 	ld	l, c
   00D0 60            [ 4]  232 	ld	h, b
   00D1 01 CD 02      [10]  233 	ld	bc, #0x02cd
   00D4 09            [11]  234 	add	hl, bc
   00D5 4E            [ 7]  235 	ld	c, (hl)
   00D6 23            [ 6]  236 	inc	hl
   00D7 46            [ 7]  237 	ld	b, (hl)
   00D8 69            [ 4]  238 	ld	l, c
   00D9 60            [ 4]  239 	ld	h, b
   00DA 29            [11]  240 	add	hl, hl
   00DB 19            [11]  241 	add	hl, de
   00DC 71            [ 7]  242 	ld	(hl), c
   00DD 23            [ 6]  243 	inc	hl
   00DE 70            [ 7]  244 	ld	(hl), b
                            245 ;e4vm_utils.c:42: (*v)->words_count = (*v)->words_count + 1;
   00DF E1            [10]  246 	pop	hl
   00E0 E5            [11]  247 	push	hl
   00E1 4E            [ 7]  248 	ld	c, (hl)
   00E2 23            [ 6]  249 	inc	hl
   00E3 46            [ 7]  250 	ld	b, (hl)
   00E4 21 CD 02      [10]  251 	ld	hl, #0x02cd
   00E7 09            [11]  252 	add	hl, bc
   00E8 4E            [ 7]  253 	ld	c, (hl)
   00E9 23            [ 6]  254 	inc	hl
   00EA 46            [ 7]  255 	ld	b, (hl)
   00EB 2B            [ 6]  256 	dec	hl
   00EC 03            [ 6]  257 	inc	bc
   00ED 78            [ 4]  258 	ld	a, b
   00EE 71            [ 7]  259 	ld	(hl), c
   00EF 23            [ 6]  260 	inc	hl
   00F0 77            [ 7]  261 	ld	(hl), a
                            262 ;e4vm_utils.c:43: (*v)->hereP = (*v)->words_count;
   00F1 E1            [10]  263 	pop	hl
   00F2 E5            [11]  264 	push	hl
   00F3 4E            [ 7]  265 	ld	c, (hl)
   00F4 23            [ 6]  266 	inc	hl
   00F5 46            [ 7]  267 	ld	b, (hl)
   00F6 21 88 00      [10]  268 	ld	hl, #0x0088
   00F9 09            [11]  269 	add	hl, bc
   00FA EB            [ 4]  270 	ex	de, hl
   00FB 69            [ 4]  271 	ld	l, c
   00FC 60            [ 4]  272 	ld	h, b
   00FD 01 CD 02      [10]  273 	ld	bc, #0x02cd
   0100 09            [11]  274 	add	hl, bc
   0101 4E            [ 7]  275 	ld	c, (hl)
   0102 23            [ 6]  276 	inc	hl
   0103 46            [ 7]  277 	ld	b, (hl)
   0104 79            [ 4]  278 	ld	a, c
   0105 12            [ 7]  279 	ld	(de), a
   0106 13            [ 6]  280 	inc	de
   0107 78            [ 4]  281 	ld	a, b
   0108 12            [ 7]  282 	ld	(de), a
                            283 ;e4vm_utils.c:44: }
   0109 F1            [10]  284 	pop	af
   010A DD E1         [14]  285 	pop	ix
   010C C9            [10]  286 	ret
                            287 ;e4vm_utils.c:47: SHORTINT e4vm_utils_look_up_word_address (e4vm_type_x4thPtr *v, e4vm_type_word_string_type word)
                            288 ;	---------------------------------
                            289 ; Function e4vm_utils_look_up_word_address
                            290 ; ---------------------------------
   010D                     291 _e4vm_utils_look_up_word_address::
   010D CDr00r00      [17]  292 	call	___sdcc_enter_ix
   0110 F5            [11]  293 	push	af
   0111 F5            [11]  294 	push	af
   0112 F5            [11]  295 	push	af
                            296 ;e4vm_utils.c:50: _for__11 = (*v)->words_count - 1;
   0113 DD 4E 04      [19]  297 	ld	c, 4 (ix)
   0116 DD 46 05      [19]  298 	ld	b, 5 (ix)
   0119 69            [ 4]  299 	ld	l, c
   011A 60            [ 4]  300 	ld	h, b
   011B 5E            [ 7]  301 	ld	e, (hl)
   011C 23            [ 6]  302 	inc	hl
   011D 66            [ 7]  303 	ld	h, (hl)
   011E 6B            [ 4]  304 	ld	l, e
   011F 11 CD 02      [10]  305 	ld	de, #0x02cd
   0122 19            [11]  306 	add	hl, de
   0123 5E            [ 7]  307 	ld	e, (hl)
   0124 23            [ 6]  308 	inc	hl
   0125 56            [ 7]  309 	ld	d, (hl)
   0126 1B            [ 6]  310 	dec	de
                            311 ;e4vm_utils.c:52: while (i <= _for__11) {
   0127 AF            [ 4]  312 	xor	a, a
   0128 DD 77 FE      [19]  313 	ld	-2 (ix), a
   012B DD 77 FF      [19]  314 	ld	-1 (ix), a
   012E                     315 00103$:
   012E 7B            [ 4]  316 	ld	a, e
   012F DD 96 FE      [19]  317 	sub	a, -2 (ix)
   0132 7A            [ 4]  318 	ld	a, d
   0133 DD 9E FF      [19]  319 	sbc	a, -1 (ix)
   0136 E2r3Br01      [10]  320 	jp	PO, 00123$
   0139 EE 80         [ 7]  321 	xor	a, #0x80
   013B                     322 00123$:
   013B FArAFr01      [10]  323 	jp	M, 00105$
                            324 ;e4vm_utils.c:53: if (__STRCMPCC((*v)->words[i].word, word, 10, (CHAR*)"e4vm_utils", -907) == 0) {
   013E 69            [ 4]  325 	ld	l, c
   013F 60            [ 4]  326 	ld	h, b
   0140 7E            [ 7]  327 	ld	a, (hl)
   0141 23            [ 6]  328 	inc	hl
   0142 66            [ 7]  329 	ld	h, (hl)
   0143 6F            [ 4]  330 	ld	l, a
   0144 D5            [11]  331 	push	de
   0145 11 CD 00      [10]  332 	ld	de, #0x00cd
   0148 19            [11]  333 	add	hl, de
   0149 D1            [10]  334 	pop	de
   014A DD 7E FE      [19]  335 	ld	a, -2 (ix)
   014D DD 77 FA      [19]  336 	ld	-6 (ix), a
   0150 DD 7E FF      [19]  337 	ld	a, -1 (ix)
   0153 DD 77 FB      [19]  338 	ld	-5 (ix), a
   0156 3E 05         [ 7]  339 	ld	a, #0x04+1
   0158 18 08         [12]  340 	jr	00125$
   015A                     341 00124$:
   015A DD CB FA 26   [23]  342 	sla	-6 (ix)
   015E DD CB FB 16   [23]  343 	rl	-5 (ix)
   0162                     344 00125$:
   0162 3D            [ 4]  345 	dec	a
   0163 20 F5         [12]  346 	jr	NZ,00124$
   0165 7D            [ 4]  347 	ld	a, l
   0166 DD 86 FA      [19]  348 	add	a, -6 (ix)
   0169 DD 77 FC      [19]  349 	ld	-4 (ix), a
   016C 7C            [ 4]  350 	ld	a, h
   016D DD 8E FB      [19]  351 	adc	a, -5 (ix)
   0170 DD 77 FD      [19]  352 	ld	-3 (ix), a
   0173 C5            [11]  353 	push	bc
   0174 D5            [11]  354 	push	de
   0175 DD 6E 06      [19]  355 	ld	l, 6 (ix)
   0178 DD 66 07      [19]  356 	ld	h, 7 (ix)
   017B E5            [11]  357 	push	hl
   017C DD 6E FC      [19]  358 	ld	l, -4 (ix)
   017F DD 66 FD      [19]  359 	ld	h, -3 (ix)
   0182 E5            [11]  360 	push	hl
   0183 CDr00r00      [17]  361 	call	_SYSTEM_STRCMPCC
   0186 F1            [10]  362 	pop	af
   0187 F1            [10]  363 	pop	af
   0188 D1            [10]  364 	pop	de
   0189 C1            [10]  365 	pop	bc
   018A 7C            [ 4]  366 	ld	a, h
   018B B5            [ 4]  367 	or	a, l
   018C 20 16         [12]  368 	jr	NZ,00102$
                            369 ;e4vm_utils.c:54: return (*v)->words[i].addr;
   018E 69            [ 4]  370 	ld	l, c
   018F 60            [ 4]  371 	ld	h, b
   0190 4E            [ 7]  372 	ld	c, (hl)
   0191 23            [ 6]  373 	inc	hl
   0192 46            [ 7]  374 	ld	b, (hl)
   0193 21 CD 00      [10]  375 	ld	hl, #0x00cd
   0196 09            [11]  376 	add	hl, bc
   0197 D1            [10]  377 	pop	de
   0198 D5            [11]  378 	push	de
   0199 19            [11]  379 	add	hl, de
   019A 11 0A 00      [10]  380 	ld	de, #0x000a
   019D 19            [11]  381 	add	hl, de
   019E 7E            [ 7]  382 	ld	a, (hl)
   019F 23            [ 6]  383 	inc	hl
   01A0 66            [ 7]  384 	ld	h, (hl)
   01A1 6F            [ 4]  385 	ld	l, a
   01A2 18 28         [12]  386 	jr	00106$
   01A4                     387 00102$:
                            388 ;e4vm_utils.c:56: i += 1;
   01A4 DD 34 FE      [23]  389 	inc	-2 (ix)
   01A7 20 85         [12]  390 	jr	NZ,00103$
   01A9 DD 34 FF      [23]  391 	inc	-1 (ix)
   01AC C3r2Er01      [10]  392 	jp	00103$
   01AF                     393 00105$:
                            394 ;e4vm_utils.c:58: Console_WriteStr((CHAR*)"look_up_word_address ERROR: unknown word ", 42);
   01AF 21rD1r01      [10]  395 	ld	hl, #___str_0
   01B2 CDr00r00      [17]  396 	call	_Console_WriteStr_C_COMPACT
                            397 ;e4vm_utils.c:59: Console_WriteStrLn((void*)word, 10);
   01B5 DD 4E 06      [19]  398 	ld	c, 6 (ix)
   01B8 DD 46 07      [19]  399 	ld	b, 7 (ix)
   01BB DD 71 FE      [19]  400 	ld	-2 (ix), c
   01BE DD 70 FF      [19]  401 	ld	-1 (ix), b
   01C1 69            [ 4]  402 	ld	l, c
   01C2 60            [ 4]  403 	ld	h, b
   01C3 CDr00r00      [17]  404 	call	_Console_WriteStr_C_COMPACT
   01C6 CDr00r00      [17]  405 	call	_Console_WriteLn_COMPACT
                            406 ;e4vm_utils.c:60: return -1;
   01C9 21 FF FF      [10]  407 	ld	hl, #0xffff
   01CC                     408 00106$:
                            409 ;e4vm_utils.c:61: }
   01CC DD F9         [10]  410 	ld	sp, ix
   01CE DD E1         [14]  411 	pop	ix
   01D0 C9            [10]  412 	ret
   01D1                     413 ___str_0:
   01D1 6C 6F 6F 6B 5F 75   414 	.ascii "look_up_word_address ERROR: unknown word "
        70 5F 77 6F 72 64
        5F 61 64 64 72 65
        73 73 20 45 52 52
        4F 52 3A 20 75 6E
        6B 6E 6F 77 6E 20
        77 6F 72 64 20
   01FA 00                  415 	.db 0x00
                            416 ;e4vm_utils.c:64: SHORTINT e4vm_utils_look_up_word_idx_by_address (e4vm_type_x4thPtr *v, SHORTINT word_address)
                            417 ;	---------------------------------
                            418 ; Function e4vm_utils_look_up_word_idx_by_address
                            419 ; ---------------------------------
   01FB                     420 _e4vm_utils_look_up_word_idx_by_address::
   01FB CDr00r00      [17]  421 	call	___sdcc_enter_ix
   01FE F5            [11]  422 	push	af
   01FF F5            [11]  423 	push	af
   0200 F5            [11]  424 	push	af
   0201 F5            [11]  425 	push	af
                            426 ;e4vm_utils.c:67: _for__13 = (*v)->words_count - 1;
   0202 DD 6E 04      [19]  427 	ld	l, 4 (ix)
   0205 DD 66 05      [19]  428 	ld	h, 5 (ix)
   0208 4E            [ 7]  429 	ld	c, (hl)
   0209 23            [ 6]  430 	inc	hl
   020A 46            [ 7]  431 	ld	b, (hl)
   020B 69            [ 4]  432 	ld	l, c
   020C 60            [ 4]  433 	ld	h, b
   020D 11 CD 02      [10]  434 	ld	de, #0x02cd
   0210 19            [11]  435 	add	hl, de
   0211 5E            [ 7]  436 	ld	e, (hl)
   0212 23            [ 6]  437 	inc	hl
   0213 56            [ 7]  438 	ld	d, (hl)
   0214 7B            [ 4]  439 	ld	a, e
   0215 C6 FF         [ 7]  440 	add	a, #0xff
   0217 DD 77 F8      [19]  441 	ld	-8 (ix), a
   021A 7A            [ 4]  442 	ld	a, d
   021B CE FF         [ 7]  443 	adc	a, #0xff
   021D DD 77 F9      [19]  444 	ld	-7 (ix), a
                            445 ;e4vm_utils.c:68: i = 0;
   0220 AF            [ 4]  446 	xor	a, a
   0221 DD 77 FA      [19]  447 	ld	-6 (ix), a
   0224 DD 77 FB      [19]  448 	ld	-5 (ix), a
                            449 ;e4vm_utils.c:69: while (i <= _for__13) {
   0227 21 CD 00      [10]  450 	ld	hl, #0x00cd
   022A 09            [11]  451 	add	hl, bc
   022B DD 75 FC      [19]  452 	ld	-4 (ix), l
   022E DD 74 FD      [19]  453 	ld	-3 (ix), h
   0231 AF            [ 4]  454 	xor	a, a
   0232 DD 77 FE      [19]  455 	ld	-2 (ix), a
   0235 DD 77 FF      [19]  456 	ld	-1 (ix), a
   0238                     457 00103$:
   0238 DD 7E F8      [19]  458 	ld	a, -8 (ix)
   023B DD 96 FE      [19]  459 	sub	a, -2 (ix)
   023E DD 7E F9      [19]  460 	ld	a, -7 (ix)
   0241 DD 9E FF      [19]  461 	sbc	a, -1 (ix)
   0244 E2r49r02      [10]  462 	jp	PO, 00123$
   0247 EE 80         [ 7]  463 	xor	a, #0x80
   0249                     464 00123$:
   0249 FAr8Br02      [10]  465 	jp	M, 00105$
                            466 ;e4vm_utils.c:70: if ((*v)->words[i].addr == word_address) {
   024C DD 6E FE      [19]  467 	ld	l, -2 (ix)
   024F DD 66 FF      [19]  468 	ld	h, -1 (ix)
   0252 29            [11]  469 	add	hl, hl
   0253 29            [11]  470 	add	hl, hl
   0254 29            [11]  471 	add	hl, hl
   0255 29            [11]  472 	add	hl, hl
   0256 DD 5E FC      [19]  473 	ld	e, -4 (ix)
   0259 DD 56 FD      [19]  474 	ld	d, -3 (ix)
   025C 19            [11]  475 	add	hl, de
   025D 11 0A 00      [10]  476 	ld	de, #0x000a
   0260 19            [11]  477 	add	hl, de
   0261 4E            [ 7]  478 	ld	c, (hl)
   0262 23            [ 6]  479 	inc	hl
   0263 46            [ 7]  480 	ld	b, (hl)
   0264 DD 6E 06      [19]  481 	ld	l, 6 (ix)
   0267 DD 66 07      [19]  482 	ld	h, 7 (ix)
   026A BF            [ 4]  483 	cp	a, a
   026B ED 42         [15]  484 	sbc	hl, bc
   026D 20 06         [12]  485 	jr	NZ,00102$
                            486 ;e4vm_utils.c:71: return i;
   026F C1            [10]  487 	pop	bc
   0270 E1            [10]  488 	pop	hl
   0271 E5            [11]  489 	push	hl
   0272 C5            [11]  490 	push	bc
   0273 18 28         [12]  491 	jr	00106$
   0275                     492 00102$:
                            493 ;e4vm_utils.c:73: i += 1;
   0275 DD 34 FE      [23]  494 	inc	-2 (ix)
   0278 20 03         [12]  495 	jr	NZ,00126$
   027A DD 34 FF      [23]  496 	inc	-1 (ix)
   027D                     497 00126$:
   027D DD 7E FE      [19]  498 	ld	a, -2 (ix)
   0280 DD 77 FA      [19]  499 	ld	-6 (ix), a
   0283 DD 7E FF      [19]  500 	ld	a, -1 (ix)
   0286 DD 77 FB      [19]  501 	ld	-5 (ix), a
   0289 18 AD         [12]  502 	jr	00103$
   028B                     503 00105$:
                            504 ;e4vm_utils.c:75: Console_WriteStr((CHAR*)"look_up_word_idx_by_address ERROR: unknown word ", 49);
   028B 21rA2r02      [10]  505 	ld	hl, #___str_1
   028E CDr00r00      [17]  506 	call	_Console_WriteStr_C_COMPACT
                            507 ;e4vm_utils.c:76: Console_WriteInt(word_address);
   0291 DD 6E 06      [19]  508 	ld	l, 6 (ix)
   0294 DD 66 07      [19]  509 	ld	h, 7 (ix)
   0297 CDr00r00      [17]  510 	call	_Console_WriteInt_COMPACT
                            511 ;e4vm_utils.c:77: return -1;
   029A 21 FF FF      [10]  512 	ld	hl, #0xffff
   029D                     513 00106$:
                            514 ;e4vm_utils.c:78: }
   029D DD F9         [10]  515 	ld	sp, ix
   029F DD E1         [14]  516 	pop	ix
   02A1 C9            [10]  517 	ret
   02A2                     518 ___str_1:
   02A2 6C 6F 6F 6B 5F 75   519 	.ascii "look_up_word_idx_by_address ERROR: unknown word "
        70 5F 77 6F 72 64
        5F 69 64 78 5F 62
        79 5F 61 64 64 72
        65 73 73 20 45 52
        52 4F 52 3A 20 75
        6E 6B 6E 6F 77 6E
        20 77 6F 72 64 20
   02D2 00                  520 	.db 0x00
                            521 ;e4vm_utils.c:81: BOOLEAN e4vm_utils_is_digit (CHAR char_)
                            522 ;	---------------------------------
                            523 ; Function e4vm_utils_is_digit
                            524 ; ---------------------------------
   02D3                     525 _e4vm_utils_is_digit::
                            526 ;e4vm_utils.c:83: return char_ >= '0' && char_ <= '9';
   02D3 FD 21 02 00   [14]  527 	ld	iy, #2
   02D7 FD 39         [15]  528 	add	iy, sp
   02D9 FD 7E 00      [19]  529 	ld	a, 0 (iy)
   02DC D6 30         [ 7]  530 	sub	a, #0x30
   02DE 38 07         [12]  531 	jr	C,00103$
   02E0 3E 39         [ 7]  532 	ld	a, #0x39
   02E2 FD 96 00      [19]  533 	sub	a, 0 (iy)
   02E5 30 03         [12]  534 	jr	NC,00104$
   02E7                     535 00103$:
   02E7 2E 00         [ 7]  536 	ld	l, #0x00
   02E9 C9            [10]  537 	ret
   02EA                     538 00104$:
   02EA 2E 01         [ 7]  539 	ld	l, #0x01
                            540 ;e4vm_utils.c:84: }
   02EC C9            [10]  541 	ret
                            542 ;e4vm_utils.c:87: BOOLEAN e4vm_utils_is_constant (e4vm_type_word_string_type word)
                            543 ;	---------------------------------
                            544 ; Function e4vm_utils_is_constant
                            545 ; ---------------------------------
   02ED                     546 _e4vm_utils_is_constant::
                            547 ;e4vm_utils.c:89: return e4vm_utils_is_digit(word[0]) || ((word[0] == '+' || word[0] == '-') && e4vm_utils_is_digit(word[1]));
   02ED C1            [10]  548 	pop	bc
   02EE E1            [10]  549 	pop	hl
   02EF E5            [11]  550 	push	hl
   02F0 C5            [11]  551 	push	bc
   02F1 7E            [ 7]  552 	ld	a, (hl)
   02F2 E5            [11]  553 	push	hl
   02F3 F5            [11]  554 	push	af
   02F4 33            [ 6]  555 	inc	sp
   02F5 CDrD3r02      [17]  556 	call	_e4vm_utils_is_digit
   02F8 33            [ 6]  557 	inc	sp
   02F9 7D            [ 4]  558 	ld	a, l
   02FA E1            [10]  559 	pop	hl
   02FB B7            [ 4]  560 	or	a, a
   02FC 20 18         [12]  561 	jr	NZ,00104$
   02FE 7E            [ 7]  562 	ld	a, (hl)
   02FF FE 2B         [ 7]  563 	cp	a, #0x2b
   0301 28 04         [12]  564 	jr	Z,00110$
   0303 D6 2D         [ 7]  565 	sub	a, #0x2d
   0305 20 0C         [12]  566 	jr	NZ,00103$
   0307                     567 00110$:
   0307 23            [ 6]  568 	inc	hl
   0308 7E            [ 7]  569 	ld	a, (hl)
   0309 F5            [11]  570 	push	af
   030A 33            [ 6]  571 	inc	sp
   030B CDrD3r02      [17]  572 	call	_e4vm_utils_is_digit
   030E 33            [ 6]  573 	inc	sp
   030F 7D            [ 4]  574 	ld	a, l
   0310 B7            [ 4]  575 	or	a, a
   0311 20 03         [12]  576 	jr	NZ,00104$
   0313                     577 00103$:
   0313 2E 00         [ 7]  578 	ld	l, #0x00
   0315 C9            [10]  579 	ret
   0316                     580 00104$:
   0316 2E 01         [ 7]  581 	ld	l, #0x01
                            582 ;e4vm_utils.c:90: }
   0318 C9            [10]  583 	ret
                            584 ;e4vm_utils.c:93: SHORTINT e4vm_utils_str2int (e4vm_type_word_string_type word)
                            585 ;	---------------------------------
                            586 ; Function e4vm_utils_str2int
                            587 ; ---------------------------------
   0319                     588 _e4vm_utils_str2int::
                            589 ;e4vm_utils.c:95: return -1;
   0319 21 FF FF      [10]  590 	ld	hl, #0xffff
                            591 ;e4vm_utils.c:96: }
   031C C9            [10]  592 	ret
                            593 ;e4vm_utils.c:99: void e4vm_utils_here_to_wp (e4vm_type_x4thPtr *v)
                            594 ;	---------------------------------
                            595 ; Function e4vm_utils_here_to_wp
                            596 ; ---------------------------------
   031D                     597 _e4vm_utils_here_to_wp::
   031D CDr00r00      [17]  598 	call	___sdcc_enter_ix
                            599 ;e4vm_utils.c:101: (*v)->wp = (*v)->hereP;
   0320 DD 6E 04      [19]  600 	ld	l, 4 (ix)
   0323 DD 66 05      [19]  601 	ld	h, 5 (ix)
   0326 7E            [ 7]  602 	ld	a, (hl)
   0327 23            [ 6]  603 	inc	hl
   0328 66            [ 7]  604 	ld	h, (hl)
   0329 6F            [ 4]  605 	ld	l, a
   032A 4D            [ 4]  606 	ld	c, l
   032B 44            [ 4]  607 	ld	b, h
   032C 03            [ 6]  608 	inc	bc
   032D 03            [ 6]  609 	inc	bc
   032E 11 88 00      [10]  610 	ld	de, #0x0088
   0331 19            [11]  611 	add	hl, de
   0332 5E            [ 7]  612 	ld	e, (hl)
   0333 23            [ 6]  613 	inc	hl
   0334 56            [ 7]  614 	ld	d, (hl)
   0335 7B            [ 4]  615 	ld	a, e
   0336 02            [ 7]  616 	ld	(bc), a
   0337 03            [ 6]  617 	inc	bc
   0338 7A            [ 4]  618 	ld	a, d
   0339 02            [ 7]  619 	ld	(bc), a
                            620 ;e4vm_utils.c:102: }
   033A DD E1         [14]  621 	pop	ix
   033C C9            [10]  622 	ret
                            623 ;e4vm_utils.c:105: void e4vm_utils_add_op (e4vm_type_x4thPtr *v, SHORTINT word_adr)
                            624 ;	---------------------------------
                            625 ; Function e4vm_utils_add_op
                            626 ; ---------------------------------
   033D                     627 _e4vm_utils_add_op::
   033D CDr00r00      [17]  628 	call	___sdcc_enter_ix
                            629 ;e4vm_utils.c:107: (*v)->mem[(*v)->hereP] = word_adr;
   0340 DD 4E 04      [19]  630 	ld	c, 4 (ix)
   0343 DD 46 05      [19]  631 	ld	b, 5 (ix)
   0346 69            [ 4]  632 	ld	l, c
   0347 60            [ 4]  633 	ld	h, b
   0348 7E            [ 7]  634 	ld	a, (hl)
   0349 23            [ 6]  635 	inc	hl
   034A 66            [ 7]  636 	ld	h, (hl)
   034B 6F            [ 4]  637 	ld	l, a
   034C C6 8A         [ 7]  638 	add	a, #0x8a
   034E 5F            [ 4]  639 	ld	e, a
   034F 7C            [ 4]  640 	ld	a, h
   0350 CE 00         [ 7]  641 	adc	a, #0x00
   0352 57            [ 4]  642 	ld	d, a
   0353 C5            [11]  643 	push	bc
   0354 01 88 00      [10]  644 	ld	bc, #0x0088
   0357 09            [11]  645 	add	hl, bc
   0358 C1            [10]  646 	pop	bc
   0359 7E            [ 7]  647 	ld	a, (hl)
   035A 23            [ 6]  648 	inc	hl
   035B 66            [ 7]  649 	ld	h, (hl)
   035C 6F            [ 4]  650 	ld	l, a
   035D 29            [11]  651 	add	hl, hl
   035E 19            [11]  652 	add	hl, de
   035F DD 7E 06      [19]  653 	ld	a, 6 (ix)
   0362 77            [ 7]  654 	ld	(hl), a
   0363 23            [ 6]  655 	inc	hl
   0364 DD 7E 07      [19]  656 	ld	a, 7 (ix)
   0367 77            [ 7]  657 	ld	(hl), a
                            658 ;e4vm_utils.c:108: (*v)->hereP = (*v)->hereP + 1;
   0368 69            [ 4]  659 	ld	l, c
   0369 60            [ 4]  660 	ld	h, b
   036A 4E            [ 7]  661 	ld	c, (hl)
   036B 23            [ 6]  662 	inc	hl
   036C 46            [ 7]  663 	ld	b, (hl)
   036D 21 88 00      [10]  664 	ld	hl, #0x0088
   0370 09            [11]  665 	add	hl, bc
   0371 4E            [ 7]  666 	ld	c, (hl)
   0372 23            [ 6]  667 	inc	hl
   0373 46            [ 7]  668 	ld	b, (hl)
   0374 2B            [ 6]  669 	dec	hl
   0375 03            [ 6]  670 	inc	bc
   0376 78            [ 4]  671 	ld	a, b
   0377 71            [ 7]  672 	ld	(hl), c
   0378 23            [ 6]  673 	inc	hl
   0379 77            [ 7]  674 	ld	(hl), a
                            675 ;e4vm_utils.c:109: }
   037A DD E1         [14]  676 	pop	ix
   037C C9            [10]  677 	ret
                            678 ;e4vm_utils.c:112: void e4vm_utils_add_op_from_string (e4vm_type_x4thPtr *v, e4vm_type_word_string_type word)
                            679 ;	---------------------------------
                            680 ; Function e4vm_utils_add_op_from_string
                            681 ; ---------------------------------
   037D                     682 _e4vm_utils_add_op_from_string::
                            683 ;e4vm_utils.c:114: e4vm_utils_add_op(v, e4vm_utils_look_up_word_address(v, word));
   037D FD 21 04 00   [14]  684 	ld	iy, #4
   0381 FD 39         [15]  685 	add	iy, sp
   0383 FD 6E 00      [19]  686 	ld	l, 0 (iy)
   0386 FD 66 01      [19]  687 	ld	h, 1 (iy)
   0389 E5            [11]  688 	push	hl
   038A FD 2B         [10]  689 	dec	iy
   038C FD 2B         [10]  690 	dec	iy
   038E FD 6E 00      [19]  691 	ld	l, 0 (iy)
   0391 FD 66 01      [19]  692 	ld	h, 1 (iy)
   0394 E5            [11]  693 	push	hl
   0395 CDr0Dr01      [17]  694 	call	_e4vm_utils_look_up_word_address
   0398 F1            [10]  695 	pop	af
   0399 E3            [19]  696 	ex	(sp),hl
   039A 21 04 00      [10]  697 	ld	hl, #4
   039D 39            [11]  698 	add	hl, sp
   039E 4E            [ 7]  699 	ld	c, (hl)
   039F 23            [ 6]  700 	inc	hl
   03A0 46            [ 7]  701 	ld	b, (hl)
   03A1 C5            [11]  702 	push	bc
   03A2 CDr3Dr03      [17]  703 	call	_e4vm_utils_add_op
   03A5 F1            [10]  704 	pop	af
   03A6 F1            [10]  705 	pop	af
                            706 ;e4vm_utils.c:115: }
   03A7 C9            [10]  707 	ret
                            708 ;e4vm_utils.c:118: void e4vm_utils_init (e4vm_type_x4thPtr *v)
                            709 ;	---------------------------------
                            710 ; Function e4vm_utils_init
                            711 ; ---------------------------------
   03A8                     712 _e4vm_utils_init::
   03A8 CDr00r00      [17]  713 	call	___sdcc_enter_ix
   03AB F5            [11]  714 	push	af
                            715 ;e4vm_utils.c:121: (*v)->ip = 0;
   03AC DD 4E 04      [19]  716 	ld	c, 4 (ix)
   03AF DD 46 05      [19]  717 	ld	b, 5 (ix)
   03B2 69            [ 4]  718 	ld	l, c
   03B3 60            [ 4]  719 	ld	h, b
   03B4 5E            [ 7]  720 	ld	e, (hl)
   03B5 23            [ 6]  721 	inc	hl
   03B6 56            [ 7]  722 	ld	d, (hl)
   03B7 AF            [ 4]  723 	xor	a, a
   03B8 12            [ 7]  724 	ld	(de), a
   03B9 13            [ 6]  725 	inc	de
   03BA 12            [ 7]  726 	ld	(de), a
                            727 ;e4vm_utils.c:122: (*v)->wp = 0;
   03BB 69            [ 4]  728 	ld	l, c
   03BC 60            [ 4]  729 	ld	h, b
   03BD 5E            [ 7]  730 	ld	e, (hl)
   03BE 23            [ 6]  731 	inc	hl
   03BF 56            [ 7]  732 	ld	d, (hl)
   03C0 13            [ 6]  733 	inc	de
   03C1 13            [ 6]  734 	inc	de
   03C2 AF            [ 4]  735 	xor	a, a
   03C3 12            [ 7]  736 	ld	(de), a
   03C4 13            [ 6]  737 	inc	de
   03C5 12            [ 7]  738 	ld	(de), a
                            739 ;e4vm_utils.c:123: (*v)->hereP = 0;
   03C6 69            [ 4]  740 	ld	l, c
   03C7 60            [ 4]  741 	ld	h, b
   03C8 5E            [ 7]  742 	ld	e, (hl)
   03C9 23            [ 6]  743 	inc	hl
   03CA 56            [ 7]  744 	ld	d, (hl)
   03CB 21 88 00      [10]  745 	ld	hl, #0x0088
   03CE 19            [11]  746 	add	hl, de
   03CF AF            [ 4]  747 	xor	a, a
   03D0 77            [ 7]  748 	ld	(hl), a
   03D1 23            [ 6]  749 	inc	hl
   03D2 77            [ 7]  750 	ld	(hl), a
                            751 ;e4vm_utils.c:124: (*v)->rs_p = 0;
   03D3 69            [ 4]  752 	ld	l, c
   03D4 60            [ 4]  753 	ld	h, b
   03D5 5E            [ 7]  754 	ld	e, (hl)
   03D6 23            [ 6]  755 	inc	hl
   03D7 56            [ 7]  756 	ld	d, (hl)
   03D8 21 84 00      [10]  757 	ld	hl, #0x0084
   03DB 19            [11]  758 	add	hl, de
   03DC AF            [ 4]  759 	xor	a, a
   03DD 77            [ 7]  760 	ld	(hl), a
   03DE 23            [ 6]  761 	inc	hl
   03DF 77            [ 7]  762 	ld	(hl), a
                            763 ;e4vm_utils.c:125: (*v)->ds_p = 0;
   03E0 69            [ 4]  764 	ld	l, c
   03E1 60            [ 4]  765 	ld	h, b
   03E2 5E            [ 7]  766 	ld	e, (hl)
   03E3 23            [ 6]  767 	inc	hl
   03E4 56            [ 7]  768 	ld	d, (hl)
   03E5 21 86 00      [10]  769 	ld	hl, #0x0086
   03E8 19            [11]  770 	add	hl, de
   03E9 AF            [ 4]  771 	xor	a, a
   03EA 77            [ 7]  772 	ld	(hl), a
   03EB 23            [ 6]  773 	inc	hl
   03EC 77            [ 7]  774 	ld	(hl), a
                            775 ;e4vm_utils.c:126: (*v)->words_count = 0;
   03ED 69            [ 4]  776 	ld	l, c
   03EE 60            [ 4]  777 	ld	h, b
   03EF 5E            [ 7]  778 	ld	e, (hl)
   03F0 23            [ 6]  779 	inc	hl
   03F1 56            [ 7]  780 	ld	d, (hl)
   03F2 21 CD 02      [10]  781 	ld	hl, #0x02cd
   03F5 19            [11]  782 	add	hl, de
   03F6 AF            [ 4]  783 	xor	a, a
   03F7 77            [ 7]  784 	ld	(hl), a
   03F8 23            [ 6]  785 	inc	hl
   03F9 77            [ 7]  786 	ld	(hl), a
                            787 ;e4vm_utils.c:127: (*v)->cell_bit_size = 16;
   03FA 69            [ 4]  788 	ld	l, c
   03FB 60            [ 4]  789 	ld	h, b
   03FC 5E            [ 7]  790 	ld	e, (hl)
   03FD 23            [ 6]  791 	inc	hl
   03FE 56            [ 7]  792 	ld	d, (hl)
   03FF 21 CA 00      [10]  793 	ld	hl, #0x00ca
   0402 19            [11]  794 	add	hl, de
   0403 36 10         [10]  795 	ld	(hl), #0x10
   0405 23            [ 6]  796 	inc	hl
   0406 36 00         [10]  797 	ld	(hl), #0x00
                            798 ;e4vm_utils.c:128: (*v)->is_eval_mode = 1;
   0408 69            [ 4]  799 	ld	l, c
   0409 60            [ 4]  800 	ld	h, b
   040A 5E            [ 7]  801 	ld	e, (hl)
   040B 23            [ 6]  802 	inc	hl
   040C 56            [ 7]  803 	ld	d, (hl)
   040D 21 CC 00      [10]  804 	ld	hl, #0x00cc
   0410 19            [11]  805 	add	hl, de
   0411 36 01         [10]  806 	ld	(hl), #0x01
                            807 ;e4vm_utils.c:130: while (i <= 31) {
   0413 11 00 00      [10]  808 	ld	de, #0x0000
   0416                     809 00101$:
   0416 3E 1F         [ 7]  810 	ld	a, #0x1f
   0418 BB            [ 4]  811 	cp	a, e
   0419 3E 00         [ 7]  812 	ld	a, #0x00
   041B 9A            [ 4]  813 	sbc	a, d
   041C E2r21r04      [10]  814 	jp	PO, 00131$
   041F EE 80         [ 7]  815 	xor	a, #0x80
   0421                     816 00131$:
   0421 FAr48r04      [10]  817 	jp	M, 00103$
                            818 ;e4vm_utils.c:131: (*v)->mem[i] = 0;
   0424 69            [ 4]  819 	ld	l, c
   0425 60            [ 4]  820 	ld	h, b
   0426 7E            [ 7]  821 	ld	a, (hl)
   0427 23            [ 6]  822 	inc	hl
   0428 66            [ 7]  823 	ld	h, (hl)
   0429 C6 8A         [ 7]  824 	add	a, #0x8a
   042B DD 77 FE      [19]  825 	ld	-2 (ix), a
   042E 7C            [ 4]  826 	ld	a, h
   042F CE 00         [ 7]  827 	adc	a, #0x00
   0431 DD 77 FF      [19]  828 	ld	-1 (ix), a
   0434 6B            [ 4]  829 	ld	l, e
   0435 62            [ 4]  830 	ld	h, d
   0436 29            [11]  831 	add	hl, hl
   0437 DD 7E FE      [19]  832 	ld	a, -2 (ix)
   043A 85            [ 4]  833 	add	a, l
   043B 6F            [ 4]  834 	ld	l, a
   043C DD 7E FF      [19]  835 	ld	a, -1 (ix)
   043F 8C            [ 4]  836 	adc	a, h
   0440 67            [ 4]  837 	ld	h, a
   0441 AF            [ 4]  838 	xor	a, a
   0442 77            [ 7]  839 	ld	(hl), a
   0443 23            [ 6]  840 	inc	hl
   0444 77            [ 7]  841 	ld	(hl), a
                            842 ;e4vm_utils.c:132: i += 1;
   0445 13            [ 6]  843 	inc	de
   0446 18 CE         [12]  844 	jr	00101$
   0448                     845 00103$:
                            846 ;e4vm_utils.c:135: while (i <= 31) {
   0448 21 00 00      [10]  847 	ld	hl, #0x0000
   044B E3            [19]  848 	ex	(sp), hl
   044C                     849 00104$:
   044C 3E 1F         [ 7]  850 	ld	a, #0x1f
   044E DD BE FE      [19]  851 	cp	a, -2 (ix)
   0451 3E 00         [ 7]  852 	ld	a, #0x00
   0453 DD 9E FF      [19]  853 	sbc	a, -1 (ix)
   0456 E2r5Br04      [10]  854 	jp	PO, 00132$
   0459 EE 80         [ 7]  855 	xor	a, #0x80
   045B                     856 00132$:
   045B FAr8Dr04      [10]  857 	jp	M, 00107$
                            858 ;e4vm_utils.c:136: (*v)->rs[i] = 0;
   045E 69            [ 4]  859 	ld	l, c
   045F 60            [ 4]  860 	ld	h, b
   0460 5E            [ 7]  861 	ld	e, (hl)
   0461 23            [ 6]  862 	inc	hl
   0462 56            [ 7]  863 	ld	d, (hl)
   0463 21 04 00      [10]  864 	ld	hl, #0x0004
   0466 19            [11]  865 	add	hl, de
   0467 D1            [10]  866 	pop	de
   0468 D5            [11]  867 	push	de
   0469 CB 23         [ 8]  868 	sla	e
   046B CB 12         [ 8]  869 	rl	d
   046D 19            [11]  870 	add	hl, de
   046E AF            [ 4]  871 	xor	a, a
   046F 77            [ 7]  872 	ld	(hl), a
   0470 23            [ 6]  873 	inc	hl
   0471 77            [ 7]  874 	ld	(hl), a
                            875 ;e4vm_utils.c:137: (*v)->ds[i] = 0;
   0472 69            [ 4]  876 	ld	l, c
   0473 60            [ 4]  877 	ld	h, b
   0474 7E            [ 7]  878 	ld	a, (hl)
   0475 23            [ 6]  879 	inc	hl
   0476 66            [ 7]  880 	ld	h, (hl)
   0477 6F            [ 4]  881 	ld	l, a
   0478 D5            [11]  882 	push	de
   0479 11 44 00      [10]  883 	ld	de, #0x0044
   047C 19            [11]  884 	add	hl, de
   047D D1            [10]  885 	pop	de
   047E 19            [11]  886 	add	hl, de
   047F AF            [ 4]  887 	xor	a, a
   0480 77            [ 7]  888 	ld	(hl), a
   0481 23            [ 6]  889 	inc	hl
   0482 77            [ 7]  890 	ld	(hl), a
                            891 ;e4vm_utils.c:138: i += 1;
   0483 DD 34 FE      [23]  892 	inc	-2 (ix)
   0486 20 C4         [12]  893 	jr	NZ,00104$
   0488 DD 34 FF      [23]  894 	inc	-1 (ix)
   048B 18 BF         [12]  895 	jr	00104$
   048D                     896 00107$:
                            897 ;e4vm_utils.c:140: }
   048D F1            [10]  898 	pop	af
   048E DD E1         [14]  899 	pop	ix
   0490 C9            [10]  900 	ret
                            901 ;e4vm_utils.c:143: void e4vm_utils_vm_stat (e4vm_type_x4thPtr *v)
                            902 ;	---------------------------------
                            903 ; Function e4vm_utils_vm_stat
                            904 ; ---------------------------------
   0491                     905 _e4vm_utils_vm_stat::
   0491 CDr00r00      [17]  906 	call	___sdcc_enter_ix
   0494 F5            [11]  907 	push	af
   0495 F5            [11]  908 	push	af
   0496 F5            [11]  909 	push	af
   0497 F5            [11]  910 	push	af
                            911 ;e4vm_utils.c:146: Console_WriteStrLn((CHAR*)" ", 2);
   0498 21r3Fr06      [10]  912 	ld	hl, #___str_2
   049B CDr00r00      [17]  913 	call	_Console_WriteStr_C_COMPACT
   049E CDr00r00      [17]  914 	call	_Console_WriteLn_COMPACT
                            915 ;e4vm_utils.c:147: Console_WriteStr((CHAR*)"ip:", 4);
   04A1 21r41r06      [10]  916 	ld	hl, #___str_3
   04A4 CDr00r00      [17]  917 	call	_Console_WriteStr_C_COMPACT
                            918 ;e4vm_utils.c:148: Console_WriteInt((*v)->ip);
   04A7 DD 7E 04      [19]  919 	ld	a, 4 (ix)
   04AA DD 77 F8      [19]  920 	ld	-8 (ix), a
   04AD DD 7E 05      [19]  921 	ld	a, 5 (ix)
   04B0 DD 77 F9      [19]  922 	ld	-7 (ix), a
   04B3 E1            [10]  923 	pop	hl
   04B4 E5            [11]  924 	push	hl
   04B5 4E            [ 7]  925 	ld	c, (hl)
   04B6 23            [ 6]  926 	inc	hl
   04B7 66            [ 7]  927 	ld	h, (hl)
   04B8 69            [ 4]  928 	ld	l, c
   04B9 4E            [ 7]  929 	ld	c, (hl)
   04BA 23            [ 6]  930 	inc	hl
   04BB 66            [ 7]  931 	ld	h, (hl)
   04BC 69            [ 4]  932 	ld	l, c
   04BD CDr00r00      [17]  933 	call	_Console_WriteInt_COMPACT
                            934 ;e4vm_utils.c:149: Console_WriteStr((CHAR*)" wp:", 5);
   04C0 21r45r06      [10]  935 	ld	hl, #___str_4
   04C3 CDr00r00      [17]  936 	call	_Console_WriteStr_C_COMPACT
                            937 ;e4vm_utils.c:150: Console_WriteInt((*v)->wp);
   04C6 E1            [10]  938 	pop	hl
   04C7 E5            [11]  939 	push	hl
   04C8 4E            [ 7]  940 	ld	c, (hl)
   04C9 23            [ 6]  941 	inc	hl
   04CA 66            [ 7]  942 	ld	h, (hl)
   04CB 69            [ 4]  943 	ld	l, c
   04CC 23            [ 6]  944 	inc	hl
   04CD 23            [ 6]  945 	inc	hl
   04CE 4E            [ 7]  946 	ld	c, (hl)
   04CF 23            [ 6]  947 	inc	hl
   04D0 66            [ 7]  948 	ld	h, (hl)
   04D1 69            [ 4]  949 	ld	l, c
   04D2 CDr00r00      [17]  950 	call	_Console_WriteInt_COMPACT
                            951 ;e4vm_utils.c:151: Console_WriteStr((CHAR*)" hereP:", 8);
   04D5 21r4Ar06      [10]  952 	ld	hl, #___str_5
   04D8 CDr00r00      [17]  953 	call	_Console_WriteStr_C_COMPACT
                            954 ;e4vm_utils.c:152: Console_WriteInt((*v)->hereP);
   04DB E1            [10]  955 	pop	hl
   04DC E5            [11]  956 	push	hl
   04DD 4E            [ 7]  957 	ld	c, (hl)
   04DE 23            [ 6]  958 	inc	hl
   04DF 66            [ 7]  959 	ld	h, (hl)
   04E0 69            [ 4]  960 	ld	l, c
   04E1 11 88 00      [10]  961 	ld	de, #0x0088
   04E4 19            [11]  962 	add	hl, de
   04E5 4E            [ 7]  963 	ld	c, (hl)
   04E6 23            [ 6]  964 	inc	hl
   04E7 66            [ 7]  965 	ld	h, (hl)
   04E8 69            [ 4]  966 	ld	l, c
   04E9 CDr00r00      [17]  967 	call	_Console_WriteInt_COMPACT
                            968 ;e4vm_utils.c:153: Console_WriteStrLn((CHAR*)" ", 2);
   04EC 21r3Fr06      [10]  969 	ld	hl, #___str_2
   04EF CDr00r00      [17]  970 	call	_Console_WriteStr_C_COMPACT
   04F2 CDr00r00      [17]  971 	call	_Console_WriteLn_COMPACT
                            972 ;e4vm_utils.c:154: Console_WriteStrLn((CHAR*)" ", 2);
   04F5 21r3Fr06      [10]  973 	ld	hl, #___str_2
   04F8 CDr00r00      [17]  974 	call	_Console_WriteStr_C_COMPACT
   04FB CDr00r00      [17]  975 	call	_Console_WriteLn_COMPACT
                            976 ;e4vm_utils.c:155: Console_WriteStr((CHAR*)"rs_p:", 6);
   04FE 21r52r06      [10]  977 	ld	hl, #___str_6
   0501 CDr00r00      [17]  978 	call	_Console_WriteStr_C_COMPACT
                            979 ;e4vm_utils.c:156: Console_WriteInt((*v)->rs_p);
   0504 E1            [10]  980 	pop	hl
   0505 E5            [11]  981 	push	hl
   0506 4E            [ 7]  982 	ld	c, (hl)
   0507 23            [ 6]  983 	inc	hl
   0508 66            [ 7]  984 	ld	h, (hl)
   0509 69            [ 4]  985 	ld	l, c
   050A 11 84 00      [10]  986 	ld	de, #0x0084
   050D 19            [11]  987 	add	hl, de
   050E 4E            [ 7]  988 	ld	c, (hl)
   050F 23            [ 6]  989 	inc	hl
   0510 66            [ 7]  990 	ld	h, (hl)
   0511 69            [ 4]  991 	ld	l, c
   0512 CDr00r00      [17]  992 	call	_Console_WriteInt_COMPACT
                            993 ;e4vm_utils.c:157: Console_WriteStrLn((CHAR*)" ", 2);
   0515 21r3Fr06      [10]  994 	ld	hl, #___str_2
   0518 CDr00r00      [17]  995 	call	_Console_WriteStr_C_COMPACT
   051B CDr00r00      [17]  996 	call	_Console_WriteLn_COMPACT
                            997 ;e4vm_utils.c:158: Console_WriteStrLn((CHAR*)"rs: [", 6);
   051E 21r58r06      [10]  998 	ld	hl, #___str_7
   0521 CDr00r00      [17]  999 	call	_Console_WriteStr_C_COMPACT
   0524 CDr00r00      [17] 1000 	call	_Console_WriteLn_COMPACT
                           1001 ;e4vm_utils.c:160: while (i <= 31) {
   0527 AF            [ 4] 1002 	xor	a, a
   0528 DD 77 FE      [19] 1003 	ld	-2 (ix), a
   052B DD 77 FF      [19] 1004 	ld	-1 (ix), a
   052E                    1005 00101$:
   052E 3E 1F         [ 7] 1006 	ld	a, #0x1f
   0530 DD BE FE      [19] 1007 	cp	a, -2 (ix)
   0533 3E 00         [ 7] 1008 	ld	a, #0x00
   0535 DD 9E FF      [19] 1009 	sbc	a, -1 (ix)
   0538 E2r3Dr05      [10] 1010 	jp	PO, 00145$
   053B EE 80         [ 7] 1011 	xor	a, #0x80
   053D                    1012 00145$:
   053D FAr80r05      [10] 1013 	jp	M, 00103$
                           1014 ;e4vm_utils.c:161: Console_WriteInt((*v)->rs[i]);
   0540 E1            [10] 1015 	pop	hl
   0541 E5            [11] 1016 	push	hl
   0542 7E            [ 7] 1017 	ld	a, (hl)
   0543 DD 77 FA      [19] 1018 	ld	-6 (ix), a
   0546 23            [ 6] 1019 	inc	hl
   0547 7E            [ 7] 1020 	ld	a, (hl)
   0548 DD 77 FB      [19] 1021 	ld	-5 (ix), a
   054B DD 7E FA      [19] 1022 	ld	a, -6 (ix)
   054E C6 04         [ 7] 1023 	add	a, #0x04
   0550 DD 77 FC      [19] 1024 	ld	-4 (ix), a
   0553 DD 7E FB      [19] 1025 	ld	a, -5 (ix)
   0556 CE 00         [ 7] 1026 	adc	a, #0x00
   0558 DD 77 FD      [19] 1027 	ld	-3 (ix), a
   055B DD 6E FE      [19] 1028 	ld	l, -2 (ix)
   055E DD 66 FF      [19] 1029 	ld	h, -1 (ix)
   0561 29            [11] 1030 	add	hl, hl
   0562 DD 5E FC      [19] 1031 	ld	e, -4 (ix)
   0565 DD 56 FD      [19] 1032 	ld	d, -3 (ix)
   0568 19            [11] 1033 	add	hl, de
   0569 4E            [ 7] 1034 	ld	c, (hl)
   056A 23            [ 6] 1035 	inc	hl
   056B 66            [ 7] 1036 	ld	h, (hl)
   056C 69            [ 4] 1037 	ld	l, c
   056D CDr00r00      [17] 1038 	call	_Console_WriteInt_COMPACT
                           1039 ;e4vm_utils.c:162: Console_WriteStr((CHAR*)" ", 2);
   0570 21r3Fr06      [10] 1040 	ld	hl, #___str_2
   0573 CDr00r00      [17] 1041 	call	_Console_WriteStr_C_COMPACT
                           1042 ;e4vm_utils.c:163: i += 1;
   0576 DD 34 FE      [23] 1043 	inc	-2 (ix)
   0579 20 B3         [12] 1044 	jr	NZ,00101$
   057B DD 34 FF      [23] 1045 	inc	-1 (ix)
   057E 18 AE         [12] 1046 	jr	00101$
   0580                    1047 00103$:
                           1048 ;e4vm_utils.c:165: Console_WriteStrLn((CHAR*)"]", 2);
   0580 21r5Er06      [10] 1049 	ld	hl, #___str_8
   0583 CDr00r00      [17] 1050 	call	_Console_WriteStr_C_COMPACT
   0586 CDr00r00      [17] 1051 	call	_Console_WriteLn_COMPACT
                           1052 ;e4vm_utils.c:166: Console_WriteStr((CHAR*)"ds_p:", 6);
   0589 21r60r06      [10] 1053 	ld	hl, #___str_9
   058C CDr00r00      [17] 1054 	call	_Console_WriteStr_C_COMPACT
                           1055 ;e4vm_utils.c:167: Console_WriteInt((*v)->ds_p);
   058F E1            [10] 1056 	pop	hl
   0590 E5            [11] 1057 	push	hl
   0591 4E            [ 7] 1058 	ld	c, (hl)
   0592 23            [ 6] 1059 	inc	hl
   0593 66            [ 7] 1060 	ld	h, (hl)
   0594 69            [ 4] 1061 	ld	l, c
   0595 11 86 00      [10] 1062 	ld	de, #0x0086
   0598 19            [11] 1063 	add	hl, de
   0599 4E            [ 7] 1064 	ld	c, (hl)
   059A 23            [ 6] 1065 	inc	hl
   059B 66            [ 7] 1066 	ld	h, (hl)
   059C 69            [ 4] 1067 	ld	l, c
   059D CDr00r00      [17] 1068 	call	_Console_WriteInt_COMPACT
                           1069 ;e4vm_utils.c:168: Console_WriteStrLn((CHAR*)" ", 2);
   05A0 21r3Fr06      [10] 1070 	ld	hl, #___str_2
   05A3 CDr00r00      [17] 1071 	call	_Console_WriteStr_C_COMPACT
   05A6 CDr00r00      [17] 1072 	call	_Console_WriteLn_COMPACT
                           1073 ;e4vm_utils.c:169: Console_WriteStrLn((CHAR*)"ds: [", 6);
   05A9 21r66r06      [10] 1074 	ld	hl, #___str_10
   05AC CDr00r00      [17] 1075 	call	_Console_WriteStr_C_COMPACT
   05AF CDr00r00      [17] 1076 	call	_Console_WriteLn_COMPACT
                           1077 ;e4vm_utils.c:171: while (i <= 31) {
   05B2 01 00 00      [10] 1078 	ld	bc, #0x0000
   05B5                    1079 00104$:
   05B5 3E 1F         [ 7] 1080 	ld	a, #0x1f
   05B7 B9            [ 4] 1081 	cp	a, c
   05B8 3E 00         [ 7] 1082 	ld	a, #0x00
   05BA 98            [ 4] 1083 	sbc	a, b
   05BB E2rC0r05      [10] 1084 	jp	PO, 00147$
   05BE EE 80         [ 7] 1085 	xor	a, #0x80
   05C0                    1086 00147$:
   05C0 FArE3r05      [10] 1087 	jp	M, 00106$
                           1088 ;e4vm_utils.c:172: Console_WriteInt((*v)->ds[i]);
   05C3 E1            [10] 1089 	pop	hl
   05C4 E5            [11] 1090 	push	hl
   05C5 5E            [ 7] 1091 	ld	e, (hl)
   05C6 23            [ 6] 1092 	inc	hl
   05C7 56            [ 7] 1093 	ld	d, (hl)
   05C8 21 44 00      [10] 1094 	ld	hl, #0x0044
   05CB 19            [11] 1095 	add	hl, de
   05CC EB            [ 4] 1096 	ex	de, hl
   05CD 69            [ 4] 1097 	ld	l, c
   05CE 60            [ 4] 1098 	ld	h, b
   05CF 29            [11] 1099 	add	hl, hl
   05D0 19            [11] 1100 	add	hl, de
   05D1 7E            [ 7] 1101 	ld	a, (hl)
   05D2 23            [ 6] 1102 	inc	hl
   05D3 66            [ 7] 1103 	ld	h, (hl)
   05D4 6F            [ 4] 1104 	ld	l, a
   05D5 C5            [11] 1105 	push	bc
   05D6 CDr00r00      [17] 1106 	call	_Console_WriteInt_COMPACT
   05D9 21r3Fr06      [10] 1107 	ld	hl, #___str_2
   05DC CDr00r00      [17] 1108 	call	_Console_WriteStr_C_COMPACT
   05DF C1            [10] 1109 	pop	bc
                           1110 ;e4vm_utils.c:174: i += 1;
   05E0 03            [ 6] 1111 	inc	bc
   05E1 18 D2         [12] 1112 	jr	00104$
   05E3                    1113 00106$:
                           1114 ;e4vm_utils.c:176: Console_WriteStrLn((CHAR*)"]", 2);
   05E3 21r5Er06      [10] 1115 	ld	hl, #___str_8
   05E6 CDr00r00      [17] 1116 	call	_Console_WriteStr_C_COMPACT
   05E9 CDr00r00      [17] 1117 	call	_Console_WriteLn_COMPACT
                           1118 ;e4vm_utils.c:177: Console_WriteStrLn((CHAR*)"mem: [", 7);
   05EC 21r6Cr06      [10] 1119 	ld	hl, #___str_11
   05EF CDr00r00      [17] 1120 	call	_Console_WriteStr_C_COMPACT
   05F2 CDr00r00      [17] 1121 	call	_Console_WriteLn_COMPACT
                           1122 ;e4vm_utils.c:179: while (i <= 31) {
   05F5 01 00 00      [10] 1123 	ld	bc, #0x0000
   05F8                    1124 00107$:
   05F8 3E 1F         [ 7] 1125 	ld	a, #0x1f
   05FA B9            [ 4] 1126 	cp	a, c
   05FB 3E 00         [ 7] 1127 	ld	a, #0x00
   05FD 98            [ 4] 1128 	sbc	a, b
   05FE E2r03r06      [10] 1129 	jp	PO, 00148$
   0601 EE 80         [ 7] 1130 	xor	a, #0x80
   0603                    1131 00148$:
   0603 FAr31r06      [10] 1132 	jp	M, 00109$
                           1133 ;e4vm_utils.c:180: Console_WriteInt((*v)->mem[i]);
   0606 E1            [10] 1134 	pop	hl
   0607 E5            [11] 1135 	push	hl
   0608 5E            [ 7] 1136 	ld	e, (hl)
   0609 23            [ 6] 1137 	inc	hl
   060A 56            [ 7] 1138 	ld	d, (hl)
   060B 21 8A 00      [10] 1139 	ld	hl, #0x008a
   060E 19            [11] 1140 	add	hl, de
   060F DD 75 FE      [19] 1141 	ld	-2 (ix), l
   0612 DD 74 FF      [19] 1142 	ld	-1 (ix), h
   0615 69            [ 4] 1143 	ld	l, c
   0616 60            [ 4] 1144 	ld	h, b
   0617 29            [11] 1145 	add	hl, hl
   0618 DD 5E FE      [19] 1146 	ld	e, -2 (ix)
   061B DD 56 FF      [19] 1147 	ld	d, -1 (ix)
   061E 19            [11] 1148 	add	hl, de
   061F 5E            [ 7] 1149 	ld	e, (hl)
   0620 23            [ 6] 1150 	inc	hl
   0621 66            [ 7] 1151 	ld	h, (hl)
   0622 C5            [11] 1152 	push	bc
   0623 6B            [ 4] 1153 	ld	l, e
   0624 CDr00r00      [17] 1154 	call	_Console_WriteInt_COMPACT
   0627 21r3Fr06      [10] 1155 	ld	hl, #___str_2
   062A CDr00r00      [17] 1156 	call	_Console_WriteStr_C_COMPACT
   062D C1            [10] 1157 	pop	bc
                           1158 ;e4vm_utils.c:182: i += 1;
   062E 03            [ 6] 1159 	inc	bc
   062F 18 C7         [12] 1160 	jr	00107$
   0631                    1161 00109$:
                           1162 ;e4vm_utils.c:184: Console_WriteStrLn((CHAR*)"]", 2);
   0631 21r5Er06      [10] 1163 	ld	hl, #___str_8
   0634 CDr00r00      [17] 1164 	call	_Console_WriteStr_C_COMPACT
   0637 CDr00r00      [17] 1165 	call	_Console_WriteLn_COMPACT
                           1166 ;e4vm_utils.c:185: }
   063A DD F9         [10] 1167 	ld	sp, ix
   063C DD E1         [14] 1168 	pop	ix
   063E C9            [10] 1169 	ret
   063F                    1170 ___str_2:
   063F 20                 1171 	.ascii " "
   0640 00                 1172 	.db 0x00
   0641                    1173 ___str_3:
   0641 69 70 3A           1174 	.ascii "ip:"
   0644 00                 1175 	.db 0x00
   0645                    1176 ___str_4:
   0645 20 77 70 3A        1177 	.ascii " wp:"
   0649 00                 1178 	.db 0x00
   064A                    1179 ___str_5:
   064A 20 68 65 72 65 50  1180 	.ascii " hereP:"
        3A
   0651 00                 1181 	.db 0x00
   0652                    1182 ___str_6:
   0652 72 73 5F 70 3A     1183 	.ascii "rs_p:"
   0657 00                 1184 	.db 0x00
   0658                    1185 ___str_7:
   0658 72 73 3A 20 5B     1186 	.ascii "rs: ["
   065D 00                 1187 	.db 0x00
   065E                    1188 ___str_8:
   065E 5D                 1189 	.ascii "]"
   065F 00                 1190 	.db 0x00
   0660                    1191 ___str_9:
   0660 64 73 5F 70 3A     1192 	.ascii "ds_p:"
   0665 00                 1193 	.db 0x00
   0666                    1194 ___str_10:
   0666 64 73 3A 20 5B     1195 	.ascii "ds: ["
   066B 00                 1196 	.db 0x00
   066C                    1197 ___str_11:
   066C 6D 65 6D 3A 20 5B  1198 	.ascii "mem: ["
   0672 00                 1199 	.db 0x00
                           1200 ;e4vm_utils.c:188: SHORTINT e4vm_utils_true_const (e4vm_type_x4thPtr *v)
                           1201 ;	---------------------------------
                           1202 ; Function e4vm_utils_true_const
                           1203 ; ---------------------------------
   0673                    1204 _e4vm_utils_true_const::
                           1205 ;e4vm_utils.c:190: return -1;
   0673 21 FF FF      [10] 1206 	ld	hl, #0xffff
                           1207 ;e4vm_utils.c:191: }
   0676 C9            [10] 1208 	ret
                           1209 ;e4vm_utils.c:194: SHORTINT e4vm_utils_false_const (e4vm_type_x4thPtr *v)
                           1210 ;	---------------------------------
                           1211 ; Function e4vm_utils_false_const
                           1212 ; ---------------------------------
   0677                    1213 _e4vm_utils_false_const::
                           1214 ;e4vm_utils.c:196: return 0;
   0677 21 00 00      [10] 1215 	ld	hl, #0x0000
                           1216 ;e4vm_utils.c:197: }
   067A C9            [10] 1217 	ret
                           1218 ;e4vm_utils.c:200: void e4vm_utils_error (CHAR *err, SHORTINT err__len)
                           1219 ;	---------------------------------
                           1220 ; Function e4vm_utils_error
                           1221 ; ---------------------------------
   067B                    1222 _e4vm_utils_error::
                           1223 ;e4vm_utils.c:202: Console_WriteStr((CHAR*)"Error: ", 8);
   067B 21r91r06      [10] 1224 	ld	hl, #___str_12
   067E CDr00r00      [17] 1225 	call	_Console_WriteStr_C_COMPACT
                           1226 ;e4vm_utils.c:203: Console_WriteStr((void*)err, err__len);
   0681 C1            [10] 1227 	pop	bc
   0682 E1            [10] 1228 	pop	hl
   0683 E5            [11] 1229 	push	hl
   0684 C5            [11] 1230 	push	bc
   0685 CDr00r00      [17] 1231 	call	_Console_WriteStr_C_COMPACT
                           1232 ;e4vm_utils.c:204: Console_WriteStrLn((CHAR*)"", 1);
   0688 21r99r06      [10] 1233 	ld	hl, #___str_13
   068B CDr00r00      [17] 1234 	call	_Console_WriteStr_C_COMPACT
                           1235 ;e4vm_utils.c:205: }
   068E C3r00r00      [10] 1236 	jp  _Console_WriteLn_COMPACT
   0691                    1237 ___str_12:
   0691 45 72 72 6F 72 3A  1238 	.ascii "Error: "
        20
   0698 00                 1239 	.db 0x00
   0699                    1240 ___str_13:
   0699 00                 1241 	.db 0x00
                           1242 ;e4vm_utils.c:208: void e4vm_utils_stack_ds_push (e4vm_type_x4thPtr *v, SHORTINT x)
                           1243 ;	---------------------------------
                           1244 ; Function e4vm_utils_stack_ds_push
                           1245 ; ---------------------------------
   069A                    1246 _e4vm_utils_stack_ds_push::
   069A CDr00r00      [17] 1247 	call	___sdcc_enter_ix
                           1248 ;e4vm_utils.c:210: (*v)->ds[(*v)->ds_p] = x;
   069D DD 4E 04      [19] 1249 	ld	c, 4 (ix)
   06A0 DD 46 05      [19] 1250 	ld	b, 5 (ix)
   06A3 69            [ 4] 1251 	ld	l, c
   06A4 60            [ 4] 1252 	ld	h, b
   06A5 7E            [ 7] 1253 	ld	a, (hl)
   06A6 23            [ 6] 1254 	inc	hl
   06A7 66            [ 7] 1255 	ld	h, (hl)
   06A8 6F            [ 4] 1256 	ld	l, a
   06A9 C6 44         [ 7] 1257 	add	a, #0x44
   06AB 5F            [ 4] 1258 	ld	e, a
   06AC 7C            [ 4] 1259 	ld	a, h
   06AD CE 00         [ 7] 1260 	adc	a, #0x00
   06AF 57            [ 4] 1261 	ld	d, a
   06B0 C5            [11] 1262 	push	bc
   06B1 01 86 00      [10] 1263 	ld	bc, #0x0086
   06B4 09            [11] 1264 	add	hl, bc
   06B5 C1            [10] 1265 	pop	bc
   06B6 7E            [ 7] 1266 	ld	a, (hl)
   06B7 23            [ 6] 1267 	inc	hl
   06B8 66            [ 7] 1268 	ld	h, (hl)
   06B9 6F            [ 4] 1269 	ld	l, a
   06BA 29            [11] 1270 	add	hl, hl
   06BB 19            [11] 1271 	add	hl, de
   06BC DD 7E 06      [19] 1272 	ld	a, 6 (ix)
   06BF 77            [ 7] 1273 	ld	(hl), a
   06C0 23            [ 6] 1274 	inc	hl
   06C1 DD 7E 07      [19] 1275 	ld	a, 7 (ix)
   06C4 77            [ 7] 1276 	ld	(hl), a
                           1277 ;e4vm_utils.c:211: (*v)->ds_p = (*v)->ds_p + 1;
   06C5 69            [ 4] 1278 	ld	l, c
   06C6 60            [ 4] 1279 	ld	h, b
   06C7 4E            [ 7] 1280 	ld	c, (hl)
   06C8 23            [ 6] 1281 	inc	hl
   06C9 46            [ 7] 1282 	ld	b, (hl)
   06CA 21 86 00      [10] 1283 	ld	hl, #0x0086
   06CD 09            [11] 1284 	add	hl, bc
   06CE 4E            [ 7] 1285 	ld	c, (hl)
   06CF 23            [ 6] 1286 	inc	hl
   06D0 46            [ 7] 1287 	ld	b, (hl)
   06D1 2B            [ 6] 1288 	dec	hl
   06D2 03            [ 6] 1289 	inc	bc
   06D3 78            [ 4] 1290 	ld	a, b
   06D4 71            [ 7] 1291 	ld	(hl), c
   06D5 23            [ 6] 1292 	inc	hl
   06D6 77            [ 7] 1293 	ld	(hl), a
                           1294 ;e4vm_utils.c:212: }
   06D7 DD E1         [14] 1295 	pop	ix
   06D9 C9            [10] 1296 	ret
                           1297 ;e4vm_utils.c:215: void e4vm_utils_stack_rs_push (e4vm_type_x4thPtr *v, SHORTINT x)
                           1298 ;	---------------------------------
                           1299 ; Function e4vm_utils_stack_rs_push
                           1300 ; ---------------------------------
   06DA                    1301 _e4vm_utils_stack_rs_push::
   06DA CDr00r00      [17] 1302 	call	___sdcc_enter_ix
                           1303 ;e4vm_utils.c:217: (*v)->rs[(*v)->rs_p] = x;
   06DD DD 4E 04      [19] 1304 	ld	c, 4 (ix)
   06E0 DD 46 05      [19] 1305 	ld	b, 5 (ix)
   06E3 69            [ 4] 1306 	ld	l, c
   06E4 60            [ 4] 1307 	ld	h, b
   06E5 7E            [ 7] 1308 	ld	a, (hl)
   06E6 23            [ 6] 1309 	inc	hl
   06E7 66            [ 7] 1310 	ld	h, (hl)
   06E8 6F            [ 4] 1311 	ld	l, a
   06E9 C6 04         [ 7] 1312 	add	a, #0x04
   06EB 5F            [ 4] 1313 	ld	e, a
   06EC 7C            [ 4] 1314 	ld	a, h
   06ED CE 00         [ 7] 1315 	adc	a, #0x00
   06EF 57            [ 4] 1316 	ld	d, a
   06F0 C5            [11] 1317 	push	bc
   06F1 01 84 00      [10] 1318 	ld	bc, #0x0084
   06F4 09            [11] 1319 	add	hl, bc
   06F5 C1            [10] 1320 	pop	bc
   06F6 7E            [ 7] 1321 	ld	a, (hl)
   06F7 23            [ 6] 1322 	inc	hl
   06F8 66            [ 7] 1323 	ld	h, (hl)
   06F9 6F            [ 4] 1324 	ld	l, a
   06FA 29            [11] 1325 	add	hl, hl
   06FB 19            [11] 1326 	add	hl, de
   06FC DD 7E 06      [19] 1327 	ld	a, 6 (ix)
   06FF 77            [ 7] 1328 	ld	(hl), a
   0700 23            [ 6] 1329 	inc	hl
   0701 DD 7E 07      [19] 1330 	ld	a, 7 (ix)
   0704 77            [ 7] 1331 	ld	(hl), a
                           1332 ;e4vm_utils.c:218: (*v)->rs_p = (*v)->rs_p + 1;
   0705 69            [ 4] 1333 	ld	l, c
   0706 60            [ 4] 1334 	ld	h, b
   0707 4E            [ 7] 1335 	ld	c, (hl)
   0708 23            [ 6] 1336 	inc	hl
   0709 46            [ 7] 1337 	ld	b, (hl)
   070A 21 84 00      [10] 1338 	ld	hl, #0x0084
   070D 09            [11] 1339 	add	hl, bc
   070E 4E            [ 7] 1340 	ld	c, (hl)
   070F 23            [ 6] 1341 	inc	hl
   0710 46            [ 7] 1342 	ld	b, (hl)
   0711 2B            [ 6] 1343 	dec	hl
   0712 03            [ 6] 1344 	inc	bc
   0713 78            [ 4] 1345 	ld	a, b
   0714 71            [ 7] 1346 	ld	(hl), c
   0715 23            [ 6] 1347 	inc	hl
   0716 77            [ 7] 1348 	ld	(hl), a
                           1349 ;e4vm_utils.c:219: }
   0717 DD E1         [14] 1350 	pop	ix
   0719 C9            [10] 1351 	ret
                           1352 ;e4vm_utils.c:222: CHAR e4vm_utils_read_char (e4vm_type_x4thPtr *v)
                           1353 ;	---------------------------------
                           1354 ; Function e4vm_utils_read_char
                           1355 ; ---------------------------------
   071A                    1356 _e4vm_utils_read_char::
                           1357 ;e4vm_utils.c:224: do {
   071A                    1358 00101$:
                           1359 ;e4vm_utils.c:225: } while (!(!(Basic_PEEK(23556) == 255)));
   071A 3A 04 5C      [13] 1360 	ld	a, (#0x5c04)
   071D 3C            [ 4] 1361 	inc	a
   071E 28 FA         [12] 1362 	jr	Z,00101$
                           1363 ;e4vm_utils.c:226: return Basic_PEEK(23560);
   0720 21 08 5C      [10] 1364 	ld	hl, #0x5c08
   0723 6E            [ 7] 1365 	ld	l, (hl)
                           1366 ;e4vm_utils.c:227: }
   0724 C9            [10] 1367 	ret
                           1368 ;e4vm_utils.c:230: void e4vm_utils_read_string (e4vm_type_x4thPtr *v)
                           1369 ;	---------------------------------
                           1370 ; Function e4vm_utils_read_string
                           1371 ; ---------------------------------
   0725                    1372 _e4vm_utils_read_string::
   0725 21 C0 FF      [10] 1373 	ld	hl, #-64
   0728 39            [11] 1374 	add	hl, sp
   0729 F9            [ 6] 1375 	ld	sp, hl
                           1376 ;e4vm_utils.c:234: _ptr__16 = *v;
   072A 21 42 00      [10] 1377 	ld	hl, #66
   072D 39            [11] 1378 	add	hl, sp
   072E 7E            [ 7] 1379 	ld	a, (hl)
   072F 23            [ 6] 1380 	inc	hl
   0730 66            [ 7] 1381 	ld	h, (hl)
   0731 6F            [ 4] 1382 	ld	l, a
   0732 4E            [ 7] 1383 	ld	c, (hl)
   0733 23            [ 6] 1384 	inc	hl
   0734 46            [ 7] 1385 	ld	b, (hl)
                           1386 ;e4vm_utils.c:235: Console_ReadStr((void*)_ptr__16->in_string, 64, 64);
   0735 21 CF 02      [10] 1387 	ld	hl, #0x02cf
   0738 09            [11] 1388 	add	hl, bc
   0739 3E 40         [ 7] 1389 	ld	a, #0x40
   073B F5            [11] 1390 	push	af
   073C 33            [ 6] 1391 	inc	sp
   073D 01 40 00      [10] 1392 	ld	bc, #0x0040
   0740 C5            [11] 1393 	push	bc
   0741 E5            [11] 1394 	push	hl
   0742 CDr00r00      [17] 1395 	call	_Console_ReadStr_COMPACT
   0745 F1            [10] 1396 	pop	af
   0746 F1            [10] 1397 	pop	af
   0747 33            [ 6] 1398 	inc	sp
                           1399 ;e4vm_utils.c:236: }
   0748 21 40 00      [10] 1400 	ld	hl, #64
   074B 39            [11] 1401 	add	hl, sp
   074C F9            [ 6] 1402 	ld	sp, hl
   074D C9            [10] 1403 	ret
                           1404 ;e4vm_utils.c:240: export void *e4vm_utils__init (void)
                           1405 ;	---------------------------------
                           1406 ; Function e4vm_utils__init
                           1407 ; ---------------------------------
   074E                    1408 _e4vm_utils__init::
                           1409 ;e4vm_utils.c:242: __DEFMOD;
   074E 21r4Er07      [10] 1410 	LD	HL,#. 
   0751 36 C9         [10] 1411 	LD (HL),#0xC9 
                           1412 ;e4vm_utils.c:245: __IMPORT(e4vm_type__init);
                           1413 ;e4vm_utils.c:249: }
   0753 C3r00r00      [10] 1414 	jp  _e4vm_type__init
                           1415 	.area _CODE
                           1416 	.area _INITIALIZER
                           1417 	.area _CABS (ABS)
